<!DOCTYPE html PUBLIC "-//W3C//DTD XHTML 1.1//EN" "https://www.w3.org/TR/xhtml11/DTD/xhtml11.dtd">
<html xmlns="https://www.w3.org/1999/xhtml">
<head>
<meta http-equiv="content-type" content="text/html; charset=UTF-8"/>
<title>TestNG Report</title>
<style type="text/css">table {margin-bottom:10px;border-collapse:collapse;empty-cells:show}th,td {border:1px solid #009;padding:.25em .5em}th {vertical-align:bottom}td {vertical-align:top}table a {font-weight:bold}.stripe td {background-color: #E6EBF9}.num {text-align:right}.passedodd td {background-color: #3F3}.passedeven td {background-color: #0A0}.skippedodd td {background-color: #DDD}.skippedeven td {background-color: #CCC}.failedodd td,.attn {background-color: #F33}.failedeven td,.stripe .attn {background-color: #D00}.stacktrace {white-space:pre;font-family:monospace}.totop {font-size:85%;text-align:center;border-bottom:2px solid #000}.invisible {display:none}</style>
</head>
<body>
<table>
<tr><th>Test</th><th># Passed</th><th># Skipped</th><th># Retried</th><th># Failed</th><th>Time (ms)</th><th>Included Groups</th><th>Excluded Groups</th></tr>
<tr><th colspan="8">All Test Suite</th></tr>
<tr><td><a href="#t0">C:/PS/ProjectsFiles/UnitTesting</a></td><td class="num">52</td><td class="num">0</td><td class="num">0</td><td class="num">0</td><td class="num">14,643</td><td></td><td></td></tr>
</table>
<table id='summary'><thead><tr><th>Class</th><th>Method</th><th>Start</th><th>Time (ms)</th></tr></thead><tbody><tr><th colspan="4">All Test Suite</th></tr></tbody><tbody id="t0"><tr><th colspan="4">C:/PS/ProjectsFiles/UnitTesting &#8212; passed</th></tr><tr class="passedeven"><td rowspan="1">org.example.rendom_test.Lam.TestDeserialization</td><td><a href="#m0">deserializeJsonResponse</a></td><td rowspan="1">1740202238564</td><td rowspan="1">286</td></tr><tr class="passedodd"><td rowspan="1">org.example.rendom_test.Lam.TestSerialization</td><td><a href="#m1">sendSerializedRequest</a></td><td rowspan="1">1740202238852</td><td rowspan="1">338</td></tr><tr class="passedeven"><td rowspan="3">org.example.restAssured.a_basic.TestRestAssured</td><td><a href="#m2">testContentType</a></td><td rowspan="1">1740202236628</td><td rowspan="1">110</td></tr><tr class="passedeven"><td><a href="#m3">testOpenWebPage</a></td><td rowspan="1">1740202236749</td><td rowspan="1">84</td></tr><tr class="passedeven"><td><a href="#m4">testStatusCode</a></td><td rowspan="1">1740202236833</td><td rowspan="1">126</td></tr><tr class="passedodd"><td rowspan="3">org.example.restAssured.a_basic.TestRestAssuredStaticImpl</td><td><a href="#m5">testContentType</a></td><td rowspan="1">1740202236960</td><td rowspan="1">79</td></tr><tr class="passedodd"><td><a href="#m6">testOpenWebPage</a></td><td rowspan="1">1740202237039</td><td rowspan="1">90</td></tr><tr class="passedodd"><td><a href="#m7">testStatusCode</a></td><td rowspan="1">1740202237129</td><td rowspan="1">102</td></tr><tr class="passedeven"><td rowspan="3">org.example.restAssured.b_get_post_methods.TestPutAndPost</td><td><a href="#m8">testDeleteRequest</a></td><td rowspan="1">1740202237231</td><td rowspan="1">523</td></tr><tr class="passedeven"><td><a href="#m9">testPostRequest</a></td><td rowspan="1">1740202237754</td><td rowspan="1">348</td></tr><tr class="passedeven"><td><a href="#m10">testPutRequest</a></td><td rowspan="1">1740202238103</td><td rowspan="1">333</td></tr><tr class="passedodd"><td rowspan="1">org.example.restAssured.d_schemaValidation.TestJSONValidation</td><td><a href="#m11">givenUrl_whenJsonResponseConformsToSchema_thenCorrect</a></td><td rowspan="1">1740202239192</td><td rowspan="1">234</td></tr><tr class="passedeven"><td rowspan="2">org.example.restAssured.e_authentication.TestBasicAuth</td><td><a href="#m12">testBasicAuth</a></td><td rowspan="1">1740202226654</td><td rowspan="1">2340</td></tr><tr class="passedeven"><td><a href="#m13">testInvalidBasicAuth</a></td><td rowspan="1">1740202229003</td><td rowspan="1">1432</td></tr><tr class="passedodd"><td rowspan="2">org.example.restAssured.e_authentication.TestDigestAuth</td><td><a href="#m14">testDigestAuthInvalidInput</a></td><td rowspan="1">1740202230436</td><td rowspan="1">1063</td></tr><tr class="passedodd"><td><a href="#m15">testDigestAuthValidInput</a></td><td rowspan="1">1740202231499</td><td rowspan="1">1227</td></tr><tr class="passedeven"><td rowspan="2">org.example.restAssured.e_authentication.TestOAuth</td><td><a href="#m16">testInvalidOAuthInvalidInput</a></td><td rowspan="1">1740202232726</td><td rowspan="1">347</td></tr><tr class="passedeven"><td><a href="#m17">testOAuthValidInput</a></td><td rowspan="1">1740202233073</td><td rowspan="1">482</td></tr><tr class="passedodd"><td rowspan="2">org.example.restAssured.e_authentication.TestPreemptiveAuth</td><td><a href="#m18">testPreemptiveAuthInvalidInput</a></td><td rowspan="1">1740202233555</td><td rowspan="1">1773</td></tr><tr class="passedodd"><td><a href="#m19">testPreemptiveAuthValidInput</a></td><td rowspan="1">1740202235328</td><td rowspan="1">1300</td></tr><tr class="passedeven"><td rowspan="7">org.example.restAssured.usingHamcrest.RestAPITests</td><td><a href="#m20">givenUrl_whenJsonResponseHasArrayWithGivenValuesUnderKey_thenCorrect</a></td><td rowspan="1">1740202239427</td><td rowspan="1">407</td></tr><tr class="passedeven"><td><a href="#m21">givenUrl_whenSuccessOnGetsResponseAndJsonHasRequiredKV_thenCorrect</a></td><td rowspan="1">1740202239835</td><td rowspan="1">125</td></tr><tr class="passedeven"><td><a href="#m22">whenLogRequest_thenOK</a></td><td rowspan="1">1740202239960</td><td rowspan="1">115</td></tr><tr class="passedeven"><td><a href="#m23">whenLogResponse_thenOK</a></td><td rowspan="1">1740202240076</td><td rowspan="1">89</td></tr><tr class="passedeven"><td><a href="#m24">whenMeasureResponseTime_thenOK</a></td><td rowspan="1">1740202240166</td><td rowspan="1">189</td></tr><tr class="passedeven"><td><a href="#m25">whenRequestGet_thenOK</a></td><td rowspan="1">1740202240356</td><td rowspan="1">83</td></tr><tr class="passedeven"><td><a href="#m26">whenRequestedPost_thenCreated</a></td><td rowspan="1">1740202240439</td><td rowspan="1">508</td></tr><tr class="passedodd"><td rowspan="9">org.example.testNG.TestAssertation</td><td><a href="#m27">testAssertTrue</a></td><td rowspan="1">1740202240947</td><td rowspan="1">0</td></tr><tr class="passedodd"><td><a href="#m28">testEquality</a></td><td rowspan="1">1740202240948</td><td rowspan="1">1</td></tr><tr class="passedodd"><td><a href="#m29">testFalse</a></td><td rowspan="1">1740202240949</td><td rowspan="1">0</td></tr><tr class="passedodd"><td><a href="#m30">testNotEquals</a></td><td rowspan="1">1740202240949</td><td rowspan="1">2</td></tr><tr class="passedodd"><td><a href="#m31">testNotNull</a></td><td rowspan="1">1740202240951</td><td rowspan="1">0</td></tr><tr class="passedodd"><td><a href="#m32">testNotSame</a></td><td rowspan="1">1740202240951</td><td rowspan="1">1</td></tr><tr class="passedodd"><td><a href="#m33">testNull</a></td><td rowspan="1">1740202240952</td><td rowspan="1">0</td></tr><tr class="passedodd"><td><a href="#m34">testSame</a></td><td rowspan="1">1740202240952</td><td rowspan="1">0</td></tr><tr class="passedodd"><td><a href="#m35">testTrue</a></td><td rowspan="1">1740202240953</td><td rowspan="1">0</td></tr><tr class="passedeven"><td rowspan="5">org.example.testNG.TestNGBasic</td><td><a href="#m36">testFifthTest</a></td><td rowspan="1">1740202240958</td><td rowspan="1">0</td></tr><tr class="passedeven"><td><a href="#m37">testFirstTest</a></td><td rowspan="1">1740202240954</td><td rowspan="1">1</td></tr><tr class="passedeven"><td><a href="#m38">testFourthTest</a></td><td rowspan="1">1740202240956</td><td rowspan="1">1</td></tr><tr class="passedeven"><td><a href="#m39">testSecondTest</a></td><td rowspan="1">1740202240957</td><td rowspan="1">0</td></tr><tr class="passedeven"><td><a href="#m40">testThirdTest</a></td><td rowspan="1">1740202240958</td><td rowspan="1">0</td></tr><tr class="passedodd"><td rowspan="11">org.example.testNG.TestNGDataProvider</td><td><a href="#m41">testAddUser</a></td><td rowspan="3">1740202240963</td><td rowspan="3">0</td></tr><tr class="passedodd"><td><a href="#m42">testAddUser</a></td></tr><tr class="passedodd"><td><a href="#m43">testAddUser</a></td></tr><tr class="passedodd"><td><a href="#m44">testId</a></td><td rowspan="5">1740202240967</td><td rowspan="5">1</td></tr><tr class="passedodd"><td><a href="#m45">testId</a></td></tr><tr class="passedodd"><td><a href="#m46">testId</a></td></tr><tr class="passedodd"><td><a href="#m47">testId</a></td></tr><tr class="passedodd"><td><a href="#m48">testId</a></td></tr><tr class="passedodd"><td><a href="#m49">testUpdateUser</a></td><td rowspan="3">1740202240968</td><td rowspan="3">1</td></tr><tr class="passedodd"><td><a href="#m50">testUpdateUser</a></td></tr><tr class="passedodd"><td><a href="#m51">testUpdateUser</a></td></tr></tbody>
</table>
<h2>C:/PS/ProjectsFiles/UnitTesting</h2><h3 id="m0">org.example.rendom_test.Lam.TestDeserialization#deserializeJsonResponse</h3><table class="result"><tr><th class="invisible"/></tr></table><p class="totop"><a href="#summary">back to summary</a></p>
<h3 id="m1">org.example.rendom_test.Lam.TestSerialization#sendSerializedRequest</h3><table class="result"><tr><th class="invisible"/></tr></table><p class="totop"><a href="#summary">back to summary</a></p>
<h3 id="m2">org.example.restAssured.a_basic.TestRestAssured#testContentType</h3><table class="result"><tr><th class="invisible"/></tr></table><p class="totop"><a href="#summary">back to summary</a></p>
<h3 id="m3">org.example.restAssured.a_basic.TestRestAssured#testOpenWebPage</h3><table class="result"><tr><th class="invisible"/></tr></table><p class="totop"><a href="#summary">back to summary</a></p>
<h3 id="m4">org.example.restAssured.a_basic.TestRestAssured#testStatusCode</h3><table class="result"><tr><th class="invisible"/></tr></table><p class="totop"><a href="#summary">back to summary</a></p>
<h3 id="m5">org.example.restAssured.a_basic.TestRestAssuredStaticImpl#testContentType</h3><table class="result"><tr><th class="invisible"/></tr></table><p class="totop"><a href="#summary">back to summary</a></p>
<h3 id="m6">org.example.restAssured.a_basic.TestRestAssuredStaticImpl#testOpenWebPage</h3><table class="result"><tr><th class="invisible"/></tr></table><p class="totop"><a href="#summary">back to summary</a></p>
<h3 id="m7">org.example.restAssured.a_basic.TestRestAssuredStaticImpl#testStatusCode</h3><table class="result"><tr><th class="invisible"/></tr></table><p class="totop"><a href="#summary">back to summary</a></p>
<h3 id="m8">org.example.restAssured.b_get_post_methods.TestPutAndPost#testDeleteRequest</h3><table class="result"><tr><th class="invisible"/></tr></table><p class="totop"><a href="#summary">back to summary</a></p>
<h3 id="m9">org.example.restAssured.b_get_post_methods.TestPutAndPost#testPostRequest</h3><table class="result"><tr><th class="invisible"/></tr></table><p class="totop"><a href="#summary">back to summary</a></p>
<h3 id="m10">org.example.restAssured.b_get_post_methods.TestPutAndPost#testPutRequest</h3><table class="result"><tr><th class="invisible"/></tr></table><p class="totop"><a href="#summary">back to summary</a></p>
<h3 id="m11">org.example.restAssured.d_schemaValidation.TestJSONValidation#givenUrl_whenJsonResponseConformsToSchema_thenCorrect</h3><table class="result"><tr><th class="invisible"/></tr></table><p class="totop"><a href="#summary">back to summary</a></p>
<h3 id="m12">org.example.restAssured.e_authentication.TestBasicAuth#testBasicAuth</h3><table class="result"><tr><th class="invisible"/></tr></table><p class="totop"><a href="#summary">back to summary</a></p>
<h3 id="m13">org.example.restAssured.e_authentication.TestBasicAuth#testInvalidBasicAuth</h3><table class="result"><tr><th>Expected Exception</th></tr><tr><td><div class="stacktrace">java.lang.AssertionError: 1 expectation failed.
Expected status code &lt;200&gt; but was &lt;401&gt;.

	at java.base/jdk.internal.reflect.DirectConstructorHandleAccessor.newInstance(DirectConstructorHandleAccessor.java:62)
	at java.base/java.lang.reflect.Constructor.newInstanceWithCaller(Constructor.java:501)
	at java.base/java.lang.reflect.Constructor.newInstance(Constructor.java:485)
	at org.codehaus.groovy.reflection.CachedConstructor.invoke(CachedConstructor.java:73)
	at org.codehaus.groovy.runtime.callsite.ConstructorSite$ConstructorSiteNoUnwrapNoCoerce.callConstructor(ConstructorSite.java:108)
	at org.codehaus.groovy.runtime.callsite.CallSiteArray.defaultCallConstructor(CallSiteArray.java:57)
	at org.codehaus.groovy.runtime.callsite.AbstractCallSite.callConstructor(AbstractCallSite.java:263)
	at org.codehaus.groovy.runtime.callsite.AbstractCallSite.callConstructor(AbstractCallSite.java:277)
	at io.restassured.internal.ResponseSpecificationImpl$HamcrestAssertionClosure.validate(ResponseSpecificationImpl.groovy:512)
	at io.restassured.internal.ResponseSpecificationImpl$HamcrestAssertionClosure$validate$1.call(Unknown Source)
	at io.restassured.internal.ResponseSpecificationImpl.validateResponseIfRequired(ResponseSpecificationImpl.groovy:696)
	at io.restassured.internal.ResponseSpecificationImpl.this$2$validateResponseIfRequired(ResponseSpecificationImpl.groovy)
	at java.base/jdk.internal.reflect.DirectMethodHandleAccessor.invoke(DirectMethodHandleAccessor.java:103)
	at java.base/java.lang.reflect.Method.invoke(Method.java:580)
	at org.codehaus.groovy.runtime.callsite.PlainObjectMetaMethodSite.doInvoke(PlainObjectMetaMethodSite.java:43)
	at org.codehaus.groovy.runtime.callsite.PogoMetaMethodSite$PogoCachedMethodSiteNoUnwrapNoCoerce.invoke(PogoMetaMethodSite.java:198)
	at org.codehaus.groovy.runtime.callsite.PogoMetaMethodSite.callCurrent(PogoMetaMethodSite.java:62)
	at org.codehaus.groovy.runtime.callsite.AbstractCallSite.callCurrent(AbstractCallSite.java:185)
	at io.restassured.internal.ResponseSpecificationImpl.statusCode(ResponseSpecificationImpl.groovy:135)
	at io.restassured.specification.ResponseSpecification$statusCode$0.callCurrent(Unknown Source)
	at io.restassured.internal.ResponseSpecificationImpl.statusCode(ResponseSpecificationImpl.groovy:143)
	at io.restassured.internal.ValidatableResponseOptionsImpl.statusCode(ValidatableResponseOptionsImpl.java:89)
	at org.example.restAssured.e_authentication.TestBasicAuth.testInvalidBasicAuth(TestBasicAuth.java:39)
	at java.base/jdk.internal.reflect.DirectMethodHandleAccessor.invoke(DirectMethodHandleAccessor.java:103)
	at java.base/java.lang.reflect.Method.invoke(Method.java:580)
	at org.testng.internal.invokers.MethodInvocationHelper.invokeMethod(MethodInvocationHelper.java:141)
	at org.testng.internal.invokers.TestInvoker.invokeMethod(TestInvoker.java:686)
	at org.testng.internal.invokers.TestInvoker.invokeTestMethod(TestInvoker.java:230)
	at org.testng.internal.invokers.MethodRunner.runInSequence(MethodRunner.java:63)
	at org.testng.internal.invokers.TestInvoker$MethodInvocationAgent.invoke(TestInvoker.java:992)
	at org.testng.internal.invokers.TestInvoker.invokeTestMethods(TestInvoker.java:203)
	at org.testng.internal.invokers.TestMethodWorker.invokeTestMethods(TestMethodWorker.java:154)
	at org.testng.internal.invokers.TestMethodWorker.run(TestMethodWorker.java:134)
	at java.base/java.util.ArrayList.forEach(ArrayList.java:1597)
	at org.testng.TestRunner.privateRun(TestRunner.java:739)
	at org.testng.TestRunner.run(TestRunner.java:614)
	at org.testng.SuiteRunner.runTest(SuiteRunner.java:421)
	at org.testng.SuiteRunner.runSequentially(SuiteRunner.java:413)
	at org.testng.SuiteRunner.privateRun(SuiteRunner.java:373)
	at org.testng.SuiteRunner.run(SuiteRunner.java:312)
	at org.testng.SuiteRunnerWorker.runSuite(SuiteRunnerWorker.java:52)
	at org.testng.SuiteRunnerWorker.run(SuiteRunnerWorker.java:95)
	at org.testng.TestNG.runSuitesSequentially(TestNG.java:1274)
	at org.testng.TestNG.runSuitesLocally(TestNG.java:1208)
	at org.testng.TestNG.runSuites(TestNG.java:1112)
	at org.testng.TestNG.run(TestNG.java:1079)
	at com.intellij.rt.testng.IDEARemoteTestNG.run(IDEARemoteTestNG.java:65)
	at com.intellij.rt.testng.RemoteTestNGStarter.main(RemoteTestNGStarter.java:105)
</div></td></tr></table><p class="totop"><a href="#summary">back to summary</a></p>
<h3 id="m14">org.example.restAssured.e_authentication.TestDigestAuth#testDigestAuthInvalidInput</h3><table class="result"><tr><th>Expected Exception</th></tr><tr><td><div class="stacktrace">java.lang.AssertionError: 1 expectation failed.
Expected status code &lt;200&gt; but was &lt;401&gt;.

	at java.base/jdk.internal.reflect.DirectConstructorHandleAccessor.newInstance(DirectConstructorHandleAccessor.java:62)
	at java.base/java.lang.reflect.Constructor.newInstanceWithCaller(Constructor.java:501)
	at java.base/java.lang.reflect.Constructor.newInstance(Constructor.java:485)
	at org.codehaus.groovy.reflection.CachedConstructor.invoke(CachedConstructor.java:73)
	at org.codehaus.groovy.runtime.callsite.ConstructorSite$ConstructorSiteNoUnwrapNoCoerce.callConstructor(ConstructorSite.java:108)
	at org.codehaus.groovy.runtime.callsite.AbstractCallSite.callConstructor(AbstractCallSite.java:277)
	at io.restassured.internal.ResponseSpecificationImpl$HamcrestAssertionClosure.validate(ResponseSpecificationImpl.groovy:512)
	at io.restassured.internal.ResponseSpecificationImpl$HamcrestAssertionClosure$validate$1.call(Unknown Source)
	at io.restassured.internal.ResponseSpecificationImpl.validateResponseIfRequired(ResponseSpecificationImpl.groovy:696)
	at io.restassured.internal.ResponseSpecificationImpl.this$2$validateResponseIfRequired(ResponseSpecificationImpl.groovy)
	at java.base/jdk.internal.reflect.DirectMethodHandleAccessor.invoke(DirectMethodHandleAccessor.java:103)
	at java.base/java.lang.reflect.Method.invoke(Method.java:580)
	at org.codehaus.groovy.runtime.callsite.PlainObjectMetaMethodSite.doInvoke(PlainObjectMetaMethodSite.java:43)
	at org.codehaus.groovy.runtime.callsite.PogoMetaMethodSite$PogoCachedMethodSiteNoUnwrapNoCoerce.invoke(PogoMetaMethodSite.java:198)
	at org.codehaus.groovy.runtime.callsite.PogoMetaMethodSite.callCurrent(PogoMetaMethodSite.java:62)
	at org.codehaus.groovy.runtime.callsite.AbstractCallSite.callCurrent(AbstractCallSite.java:185)
	at io.restassured.internal.ResponseSpecificationImpl.statusCode(ResponseSpecificationImpl.groovy:135)
	at io.restassured.specification.ResponseSpecification$statusCode$0.callCurrent(Unknown Source)
	at io.restassured.internal.ResponseSpecificationImpl.statusCode(ResponseSpecificationImpl.groovy:143)
	at io.restassured.internal.ValidatableResponseOptionsImpl.statusCode(ValidatableResponseOptionsImpl.java:89)
	at org.example.restAssured.e_authentication.TestDigestAuth.testDigestAuthInvalidInput(TestDigestAuth.java:40)
	at java.base/jdk.internal.reflect.DirectMethodHandleAccessor.invoke(DirectMethodHandleAccessor.java:103)
	at java.base/java.lang.reflect.Method.invoke(Method.java:580)
	at org.testng.internal.invokers.MethodInvocationHelper.invokeMethod(MethodInvocationHelper.java:141)
	at org.testng.internal.invokers.TestInvoker.invokeMethod(TestInvoker.java:686)
	at org.testng.internal.invokers.TestInvoker.invokeTestMethod(TestInvoker.java:230)
	at org.testng.internal.invokers.MethodRunner.runInSequence(MethodRunner.java:63)
	at org.testng.internal.invokers.TestInvoker$MethodInvocationAgent.invoke(TestInvoker.java:992)
	at org.testng.internal.invokers.TestInvoker.invokeTestMethods(TestInvoker.java:203)
	at org.testng.internal.invokers.TestMethodWorker.invokeTestMethods(TestMethodWorker.java:154)
	at org.testng.internal.invokers.TestMethodWorker.run(TestMethodWorker.java:134)
	at java.base/java.util.ArrayList.forEach(ArrayList.java:1597)
	at org.testng.TestRunner.privateRun(TestRunner.java:739)
	at org.testng.TestRunner.run(TestRunner.java:614)
	at org.testng.SuiteRunner.runTest(SuiteRunner.java:421)
	at org.testng.SuiteRunner.runSequentially(SuiteRunner.java:413)
	at org.testng.SuiteRunner.privateRun(SuiteRunner.java:373)
	at org.testng.SuiteRunner.run(SuiteRunner.java:312)
	at org.testng.SuiteRunnerWorker.runSuite(SuiteRunnerWorker.java:52)
	at org.testng.SuiteRunnerWorker.run(SuiteRunnerWorker.java:95)
	at org.testng.TestNG.runSuitesSequentially(TestNG.java:1274)
	at org.testng.TestNG.runSuitesLocally(TestNG.java:1208)
	at org.testng.TestNG.runSuites(TestNG.java:1112)
	at org.testng.TestNG.run(TestNG.java:1079)
	at com.intellij.rt.testng.IDEARemoteTestNG.run(IDEARemoteTestNG.java:65)
	at com.intellij.rt.testng.RemoteTestNGStarter.main(RemoteTestNGStarter.java:105)
</div></td></tr></table><p class="totop"><a href="#summary">back to summary</a></p>
<h3 id="m15">org.example.restAssured.e_authentication.TestDigestAuth#testDigestAuthValidInput</h3><table class="result"><tr><th class="invisible"/></tr></table><p class="totop"><a href="#summary">back to summary</a></p>
<h3 id="m16">org.example.restAssured.e_authentication.TestOAuth#testInvalidOAuthInvalidInput</h3><table class="result"><tr><th>Expected Exception</th></tr><tr><td><div class="stacktrace">java.lang.AssertionError: 1 expectation failed.
Expected status code &lt;200&gt; but was &lt;401&gt;.

	at java.base/jdk.internal.reflect.DirectConstructorHandleAccessor.newInstance(DirectConstructorHandleAccessor.java:62)
	at java.base/java.lang.reflect.Constructor.newInstanceWithCaller(Constructor.java:501)
	at java.base/java.lang.reflect.Constructor.newInstance(Constructor.java:485)
	at org.codehaus.groovy.reflection.CachedConstructor.invoke(CachedConstructor.java:73)
	at org.codehaus.groovy.runtime.callsite.ConstructorSite$ConstructorSiteNoUnwrapNoCoerce.callConstructor(ConstructorSite.java:108)
	at org.codehaus.groovy.runtime.callsite.AbstractCallSite.callConstructor(AbstractCallSite.java:277)
	at io.restassured.internal.ResponseSpecificationImpl$HamcrestAssertionClosure.validate(ResponseSpecificationImpl.groovy:512)
	at io.restassured.internal.ResponseSpecificationImpl$HamcrestAssertionClosure$validate$1.call(Unknown Source)
	at io.restassured.internal.ResponseSpecificationImpl.validateResponseIfRequired(ResponseSpecificationImpl.groovy:696)
	at io.restassured.internal.ResponseSpecificationImpl.this$2$validateResponseIfRequired(ResponseSpecificationImpl.groovy)
	at java.base/jdk.internal.reflect.DirectMethodHandleAccessor.invoke(DirectMethodHandleAccessor.java:103)
	at java.base/java.lang.reflect.Method.invoke(Method.java:580)
	at org.codehaus.groovy.runtime.callsite.PlainObjectMetaMethodSite.doInvoke(PlainObjectMetaMethodSite.java:43)
	at org.codehaus.groovy.runtime.callsite.PogoMetaMethodSite$PogoCachedMethodSiteNoUnwrapNoCoerce.invoke(PogoMetaMethodSite.java:198)
	at org.codehaus.groovy.runtime.callsite.PogoMetaMethodSite.callCurrent(PogoMetaMethodSite.java:62)
	at org.codehaus.groovy.runtime.callsite.AbstractCallSite.callCurrent(AbstractCallSite.java:185)
	at io.restassured.internal.ResponseSpecificationImpl.statusCode(ResponseSpecificationImpl.groovy:135)
	at io.restassured.specification.ResponseSpecification$statusCode$0.callCurrent(Unknown Source)
	at io.restassured.internal.ResponseSpecificationImpl.statusCode(ResponseSpecificationImpl.groovy:143)
	at io.restassured.internal.ValidatableResponseOptionsImpl.statusCode(ValidatableResponseOptionsImpl.java:89)
	at org.example.restAssured.e_authentication.TestOAuth.testInvalidOAuthInvalidInput(TestOAuth.java:42)
	at java.base/jdk.internal.reflect.DirectMethodHandleAccessor.invoke(DirectMethodHandleAccessor.java:103)
	at java.base/java.lang.reflect.Method.invoke(Method.java:580)
	at org.testng.internal.invokers.MethodInvocationHelper.invokeMethod(MethodInvocationHelper.java:141)
	at org.testng.internal.invokers.TestInvoker.invokeMethod(TestInvoker.java:686)
	at org.testng.internal.invokers.TestInvoker.invokeTestMethod(TestInvoker.java:230)
	at org.testng.internal.invokers.MethodRunner.runInSequence(MethodRunner.java:63)
	at org.testng.internal.invokers.TestInvoker$MethodInvocationAgent.invoke(TestInvoker.java:992)
	at org.testng.internal.invokers.TestInvoker.invokeTestMethods(TestInvoker.java:203)
	at org.testng.internal.invokers.TestMethodWorker.invokeTestMethods(TestMethodWorker.java:154)
	at org.testng.internal.invokers.TestMethodWorker.run(TestMethodWorker.java:134)
	at java.base/java.util.ArrayList.forEach(ArrayList.java:1597)
	at org.testng.TestRunner.privateRun(TestRunner.java:739)
	at org.testng.TestRunner.run(TestRunner.java:614)
	at org.testng.SuiteRunner.runTest(SuiteRunner.java:421)
	at org.testng.SuiteRunner.runSequentially(SuiteRunner.java:413)
	at org.testng.SuiteRunner.privateRun(SuiteRunner.java:373)
	at org.testng.SuiteRunner.run(SuiteRunner.java:312)
	at org.testng.SuiteRunnerWorker.runSuite(SuiteRunnerWorker.java:52)
	at org.testng.SuiteRunnerWorker.run(SuiteRunnerWorker.java:95)
	at org.testng.TestNG.runSuitesSequentially(TestNG.java:1274)
	at org.testng.TestNG.runSuitesLocally(TestNG.java:1208)
	at org.testng.TestNG.runSuites(TestNG.java:1112)
	at org.testng.TestNG.run(TestNG.java:1079)
	at com.intellij.rt.testng.IDEARemoteTestNG.run(IDEARemoteTestNG.java:65)
	at com.intellij.rt.testng.RemoteTestNGStarter.main(RemoteTestNGStarter.java:105)
</div></td></tr></table><p class="totop"><a href="#summary">back to summary</a></p>
<h3 id="m17">org.example.restAssured.e_authentication.TestOAuth#testOAuthValidInput</h3><table class="result"><tr><th class="invisible"/></tr></table><p class="totop"><a href="#summary">back to summary</a></p>
<h3 id="m18">org.example.restAssured.e_authentication.TestPreemptiveAuth#testPreemptiveAuthInvalidInput</h3><table class="result"><tr><th>Expected Exception</th></tr><tr><td><div class="stacktrace">java.lang.AssertionError: 1 expectation failed.
Expected status code &lt;200&gt; but was &lt;401&gt;.

	at java.base/jdk.internal.reflect.DirectConstructorHandleAccessor.newInstance(DirectConstructorHandleAccessor.java:62)
	at java.base/java.lang.reflect.Constructor.newInstanceWithCaller(Constructor.java:501)
	at java.base/java.lang.reflect.Constructor.newInstance(Constructor.java:485)
	at org.codehaus.groovy.reflection.CachedConstructor.invoke(CachedConstructor.java:73)
	at org.codehaus.groovy.runtime.callsite.ConstructorSite$ConstructorSiteNoUnwrapNoCoerce.callConstructor(ConstructorSite.java:108)
	at org.codehaus.groovy.runtime.callsite.AbstractCallSite.callConstructor(AbstractCallSite.java:277)
	at io.restassured.internal.ResponseSpecificationImpl$HamcrestAssertionClosure.validate(ResponseSpecificationImpl.groovy:512)
	at io.restassured.internal.ResponseSpecificationImpl$HamcrestAssertionClosure$validate$1.call(Unknown Source)
	at io.restassured.internal.ResponseSpecificationImpl.validateResponseIfRequired(ResponseSpecificationImpl.groovy:696)
	at io.restassured.internal.ResponseSpecificationImpl.this$2$validateResponseIfRequired(ResponseSpecificationImpl.groovy)
	at java.base/jdk.internal.reflect.DirectMethodHandleAccessor.invoke(DirectMethodHandleAccessor.java:103)
	at java.base/java.lang.reflect.Method.invoke(Method.java:580)
	at org.codehaus.groovy.runtime.callsite.PlainObjectMetaMethodSite.doInvoke(PlainObjectMetaMethodSite.java:43)
	at org.codehaus.groovy.runtime.callsite.PogoMetaMethodSite$PogoCachedMethodSiteNoUnwrapNoCoerce.invoke(PogoMetaMethodSite.java:198)
	at org.codehaus.groovy.runtime.callsite.PogoMetaMethodSite.callCurrent(PogoMetaMethodSite.java:62)
	at org.codehaus.groovy.runtime.callsite.AbstractCallSite.callCurrent(AbstractCallSite.java:185)
	at io.restassured.internal.ResponseSpecificationImpl.statusCode(ResponseSpecificationImpl.groovy:135)
	at io.restassured.specification.ResponseSpecification$statusCode$0.callCurrent(Unknown Source)
	at io.restassured.internal.ResponseSpecificationImpl.statusCode(ResponseSpecificationImpl.groovy:143)
	at io.restassured.internal.ValidatableResponseOptionsImpl.statusCode(ValidatableResponseOptionsImpl.java:89)
	at org.example.restAssured.e_authentication.TestPreemptiveAuth.testPreemptiveAuthInvalidInput(TestPreemptiveAuth.java:39)
	at java.base/jdk.internal.reflect.DirectMethodHandleAccessor.invoke(DirectMethodHandleAccessor.java:103)
	at java.base/java.lang.reflect.Method.invoke(Method.java:580)
	at org.testng.internal.invokers.MethodInvocationHelper.invokeMethod(MethodInvocationHelper.java:141)
	at org.testng.internal.invokers.TestInvoker.invokeMethod(TestInvoker.java:686)
	at org.testng.internal.invokers.TestInvoker.invokeTestMethod(TestInvoker.java:230)
	at org.testng.internal.invokers.MethodRunner.runInSequence(MethodRunner.java:63)
	at org.testng.internal.invokers.TestInvoker$MethodInvocationAgent.invoke(TestInvoker.java:992)
	at org.testng.internal.invokers.TestInvoker.invokeTestMethods(TestInvoker.java:203)
	at org.testng.internal.invokers.TestMethodWorker.invokeTestMethods(TestMethodWorker.java:154)
	at org.testng.internal.invokers.TestMethodWorker.run(TestMethodWorker.java:134)
	at java.base/java.util.ArrayList.forEach(ArrayList.java:1597)
	at org.testng.TestRunner.privateRun(TestRunner.java:739)
	at org.testng.TestRunner.run(TestRunner.java:614)
	at org.testng.SuiteRunner.runTest(SuiteRunner.java:421)
	at org.testng.SuiteRunner.runSequentially(SuiteRunner.java:413)
	at org.testng.SuiteRunner.privateRun(SuiteRunner.java:373)
	at org.testng.SuiteRunner.run(SuiteRunner.java:312)
	at org.testng.SuiteRunnerWorker.runSuite(SuiteRunnerWorker.java:52)
	at org.testng.SuiteRunnerWorker.run(SuiteRunnerWorker.java:95)
	at org.testng.TestNG.runSuitesSequentially(TestNG.java:1274)
	at org.testng.TestNG.runSuitesLocally(TestNG.java:1208)
	at org.testng.TestNG.runSuites(TestNG.java:1112)
	at org.testng.TestNG.run(TestNG.java:1079)
	at com.intellij.rt.testng.IDEARemoteTestNG.run(IDEARemoteTestNG.java:65)
	at com.intellij.rt.testng.RemoteTestNGStarter.main(RemoteTestNGStarter.java:105)
</div></td></tr></table><p class="totop"><a href="#summary">back to summary</a></p>
<h3 id="m19">org.example.restAssured.e_authentication.TestPreemptiveAuth#testPreemptiveAuthValidInput</h3><table class="result"><tr><th class="invisible"/></tr></table><p class="totop"><a href="#summary">back to summary</a></p>
<h3 id="m20">org.example.restAssured.usingHamcrest.RestAPITests#givenUrl_whenJsonResponseHasArrayWithGivenValuesUnderKey_thenCorrect</h3><table class="result"><tr><th class="invisible"/></tr></table><p class="totop"><a href="#summary">back to summary</a></p>
<h3 id="m21">org.example.restAssured.usingHamcrest.RestAPITests#givenUrl_whenSuccessOnGetsResponseAndJsonHasRequiredKV_thenCorrect</h3><table class="result"><tr><th class="invisible"/></tr></table><p class="totop"><a href="#summary">back to summary</a></p>
<h3 id="m22">org.example.restAssured.usingHamcrest.RestAPITests#whenLogRequest_thenOK</h3><table class="result"><tr><th class="invisible"/></tr></table><p class="totop"><a href="#summary">back to summary</a></p>
<h3 id="m23">org.example.restAssured.usingHamcrest.RestAPITests#whenLogResponse_thenOK</h3><table class="result"><tr><th class="invisible"/></tr></table><p class="totop"><a href="#summary">back to summary</a></p>
<h3 id="m24">org.example.restAssured.usingHamcrest.RestAPITests#whenMeasureResponseTime_thenOK</h3><table class="result"><tr><th class="invisible"/></tr></table><p class="totop"><a href="#summary">back to summary</a></p>
<h3 id="m25">org.example.restAssured.usingHamcrest.RestAPITests#whenRequestGet_thenOK</h3><table class="result"><tr><th class="invisible"/></tr></table><p class="totop"><a href="#summary">back to summary</a></p>
<h3 id="m26">org.example.restAssured.usingHamcrest.RestAPITests#whenRequestedPost_thenCreated</h3><table class="result"><tr><th class="invisible"/></tr></table><p class="totop"><a href="#summary">back to summary</a></p>
<h3 id="m27">org.example.testNG.TestAssertation#testAssertTrue</h3><table class="result"><tr><th class="invisible"/></tr></table><p class="totop"><a href="#summary">back to summary</a></p>
<h3 id="m28">org.example.testNG.TestAssertation#testEquality</h3><table class="result"><tr><th class="invisible"/></tr></table><p class="totop"><a href="#summary">back to summary</a></p>
<h3 id="m29">org.example.testNG.TestAssertation#testFalse</h3><table class="result"><tr><th class="invisible"/></tr></table><p class="totop"><a href="#summary">back to summary</a></p>
<h3 id="m30">org.example.testNG.TestAssertation#testNotEquals</h3><table class="result"><tr><th class="invisible"/></tr></table><p class="totop"><a href="#summary">back to summary</a></p>
<h3 id="m31">org.example.testNG.TestAssertation#testNotNull</h3><table class="result"><tr><th class="invisible"/></tr></table><p class="totop"><a href="#summary">back to summary</a></p>
<h3 id="m32">org.example.testNG.TestAssertation#testNotSame</h3><table class="result"><tr><th class="invisible"/></tr></table><p class="totop"><a href="#summary">back to summary</a></p>
<h3 id="m33">org.example.testNG.TestAssertation#testNull</h3><table class="result"><tr><th class="invisible"/></tr></table><p class="totop"><a href="#summary">back to summary</a></p>
<h3 id="m34">org.example.testNG.TestAssertation#testSame</h3><table class="result"><tr><th class="invisible"/></tr></table><p class="totop"><a href="#summary">back to summary</a></p>
<h3 id="m35">org.example.testNG.TestAssertation#testTrue</h3><table class="result"><tr><th class="invisible"/></tr></table><p class="totop"><a href="#summary">back to summary</a></p>
<h3 id="m36">org.example.testNG.TestNGBasic#testFifthTest</h3><table class="result"><tr><th class="invisible"/></tr></table><p class="totop"><a href="#summary">back to summary</a></p>
<h3 id="m37">org.example.testNG.TestNGBasic#testFirstTest</h3><table class="result"><tr><th class="invisible"/></tr></table><p class="totop"><a href="#summary">back to summary</a></p>
<h3 id="m38">org.example.testNG.TestNGBasic#testFourthTest</h3><table class="result"><tr><th class="invisible"/></tr></table><p class="totop"><a href="#summary">back to summary</a></p>
<h3 id="m39">org.example.testNG.TestNGBasic#testSecondTest</h3><table class="result"><tr><th class="invisible"/></tr></table><p class="totop"><a href="#summary">back to summary</a></p>
<h3 id="m40">org.example.testNG.TestNGBasic#testThirdTest</h3><table class="result"><tr><th>Expected Exception</th></tr><tr><td><div class="stacktrace">java.lang.ArithmeticException: Error occurred
	at org.example.testNG.TestDemo.throwError(TestNGBasic.java:16)
	at org.example.testNG.TestNGBasic.testThirdTest(TestNGBasic.java:41)
	at java.base/jdk.internal.reflect.DirectMethodHandleAccessor.invoke(DirectMethodHandleAccessor.java:103)
	at java.base/java.lang.reflect.Method.invoke(Method.java:580)
	at org.testng.internal.invokers.MethodInvocationHelper.invokeMethod(MethodInvocationHelper.java:141)
	at org.testng.internal.invokers.TestInvoker.invokeMethod(TestInvoker.java:686)
	at org.testng.internal.invokers.TestInvoker.invokeTestMethod(TestInvoker.java:230)
	at org.testng.internal.invokers.MethodRunner.runInSequence(MethodRunner.java:63)
	at org.testng.internal.invokers.TestInvoker$MethodInvocationAgent.invoke(TestInvoker.java:992)
	at org.testng.internal.invokers.TestInvoker.invokeTestMethods(TestInvoker.java:203)
	at org.testng.internal.invokers.TestMethodWorker.invokeTestMethods(TestMethodWorker.java:154)
	at org.testng.internal.invokers.TestMethodWorker.run(TestMethodWorker.java:134)
	at java.base/java.util.ArrayList.forEach(ArrayList.java:1597)
	at org.testng.TestRunner.privateRun(TestRunner.java:739)
	at org.testng.TestRunner.run(TestRunner.java:614)
	at org.testng.SuiteRunner.runTest(SuiteRunner.java:421)
	at org.testng.SuiteRunner.runSequentially(SuiteRunner.java:413)
	at org.testng.SuiteRunner.privateRun(SuiteRunner.java:373)
	at org.testng.SuiteRunner.run(SuiteRunner.java:312)
	at org.testng.SuiteRunnerWorker.runSuite(SuiteRunnerWorker.java:52)
	at org.testng.SuiteRunnerWorker.run(SuiteRunnerWorker.java:95)
	at org.testng.TestNG.runSuitesSequentially(TestNG.java:1274)
	at org.testng.TestNG.runSuitesLocally(TestNG.java:1208)
	at org.testng.TestNG.runSuites(TestNG.java:1112)
	at org.testng.TestNG.run(TestNG.java:1079)
	at com.intellij.rt.testng.IDEARemoteTestNG.run(IDEARemoteTestNG.java:65)
	at com.intellij.rt.testng.RemoteTestNGStarter.main(RemoteTestNGStarter.java:105)
</div></td></tr></table><p class="totop"><a href="#summary">back to summary</a></p>
<h3 id="m41">org.example.testNG.TestNGDataProvider#testAddUser</h3><table class="result"><tr class="param"><th>Parameter #1</th><th>Parameter #2</th></tr><tr class="param stripe"><td>Jane Smith</td><td>janesmith@example.com</td></tr></table><p class="totop"><a href="#summary">back to summary</a></p>
<h3 id="m42">org.example.testNG.TestNGDataProvider#testAddUser</h3><table class="result"><tr class="param"><th>Parameter #1</th><th>Parameter #2</th></tr><tr class="param stripe"><td>John Doe</td><td>johndoe@example.com</td></tr></table><p class="totop"><a href="#summary">back to summary</a></p>
<h3 id="m43">org.example.testNG.TestNGDataProvider#testAddUser</h3><table class="result"><tr class="param"><th>Parameter #1</th><th>Parameter #2</th></tr><tr class="param stripe"><td>Bob Johnson</td><td>bobjohnson@example.com</td></tr></table><p class="totop"><a href="#summary">back to summary</a></p>
<h3 id="m44">org.example.testNG.TestNGDataProvider#testId</h3><table class="result"><tr class="param"><th>Parameter #1</th></tr><tr class="param stripe"><td>3</td></tr></table><p class="totop"><a href="#summary">back to summary</a></p>
<h3 id="m45">org.example.testNG.TestNGDataProvider#testId</h3><table class="result"><tr class="param"><th>Parameter #1</th></tr><tr class="param stripe"><td>5</td></tr></table><p class="totop"><a href="#summary">back to summary</a></p>
<h3 id="m46">org.example.testNG.TestNGDataProvider#testId</h3><table class="result"><tr class="param"><th>Parameter #1</th></tr><tr class="param stripe"><td>4</td></tr></table><p class="totop"><a href="#summary">back to summary</a></p>
<h3 id="m47">org.example.testNG.TestNGDataProvider#testId</h3><table class="result"><tr class="param"><th>Parameter #1</th></tr><tr class="param stripe"><td>2</td></tr></table><p class="totop"><a href="#summary">back to summary</a></p>
<h3 id="m48">org.example.testNG.TestNGDataProvider#testId</h3><table class="result"><tr class="param"><th>Parameter #1</th></tr><tr class="param stripe"><td>1</td></tr></table><p class="totop"><a href="#summary">back to summary</a></p>
<h3 id="m49">org.example.testNG.TestNGDataProvider#testUpdateUser</h3><table class="result"><tr class="param"><th>Parameter #1</th><th>Parameter #2</th></tr><tr class="param stripe"><td>John Doe</td><td>johndoe@example.com</td></tr></table><p class="totop"><a href="#summary">back to summary</a></p>
<h3 id="m50">org.example.testNG.TestNGDataProvider#testUpdateUser</h3><table class="result"><tr class="param"><th>Parameter #1</th><th>Parameter #2</th></tr><tr class="param stripe"><td>Jane Smith</td><td>janesmith@example.com</td></tr></table><p class="totop"><a href="#summary">back to summary</a></p>
<h3 id="m51">org.example.testNG.TestNGDataProvider#testUpdateUser</h3><table class="result"><tr class="param"><th>Parameter #1</th><th>Parameter #2</th></tr><tr class="param stripe"><td>Bob Johnson</td><td>bobjohnson@example.com</td></tr></table><p class="totop"><a href="#summary">back to summary</a></p>
</body>
</html>
